<?xml version="1.0" encoding="UTF-8"?>
<testng-results ignored="0" total="1" passed="1" failed="0" skipped="0">
  <reporter-output>
  </reporter-output>
  <suite started-at="2024-07-02T07:27:59 GST" name="Default suite" finished-at="2024-07-02T07:28:29 GST" duration-ms="30020">
    <groups>
    </groups>
    <test started-at="2024-07-02T07:27:59 GST" name="Default test" finished-at="2024-07-02T07:28:29 GST" duration-ms="30020">
      <class name="Appiumautomation.ToastMessageVerification">
        <test-method is-config="true" signature="startAppium()[pri:0, instance:Appiumautomation.ToastMessageVerification@3c77d488]" started-at="2024-07-02T07:27:59 GST" name="startAppium" finished-at="2024-07-02T07:28:12 GST" duration-ms="13400" status="PASS">
          <reporter-output>
          </reporter-output>
        </test-method> <!-- startAppium -->
        <test-method signature="toastMessageTest()[pri:0, instance:Appiumautomation.ToastMessageVerification@3c77d488]" started-at="2024-07-02T07:28:12 GST" name="toastMessageTest" finished-at="2024-07-02T07:28:28 GST" duration-ms="15885" status="PASS">
          <reporter-output>
          </reporter-output>
        </test-method> <!-- toastMessageTest -->
        <test-method is-config="true" signature="stopAppium()[pri:0, instance:Appiumautomation.ToastMessageVerification@3c77d488]" started-at="2024-07-02T07:28:28 GST" name="stopAppium" finished-at="2024-07-02T07:28:29 GST" duration-ms="637" status="PASS">
          <reporter-output>
          </reporter-output>
        </test-method> <!-- stopAppium -->
      </class> <!-- Appiumautomation.ToastMessageVerification -->
    </test> <!-- Default test -->
  </suite> <!-- Default suite -->
</testng-results>
